<?xml version="1.0" encoding="utf-8"?><testsuites name="pytest tests"><testsuite name="pytest" errors="0" failures="0" skipped="0" tests="5" time="1.381" timestamp="2026-03-10T02:35:49.504545+00:00" hostname="agent-env-e94c98c1-2d3d-4cb0-aba3-419ca7e99fa6"><testcase classname="backend.tests.test_exhibitions_community_regression.TestExhibitionsAndCommunityAuthContracts" name="test_health_ok" time="0.274" /><testcase classname="backend.tests.test_exhibitions_community_regression.TestExhibitionsAndCommunityAuthContracts" name="test_artist_exhibitions_requires_auth" time="0.168" /><testcase classname="backend.tests.test_exhibitions_community_regression.TestExhibitionsAndCommunityAuthContracts" name="test_admin_create_exhibition_requires_auth" time="0.098" /><testcase classname="backend.tests.test_exhibitions_community_regression.TestExhibitionsAndCommunityAuthContracts" name="test_community_create_requires_auth" time="0.149" /><testcase classname="backend.tests.test_exhibitions_community_regression.TestCommunityCreateModelReadiness" name="test_community_create_model_missing_fields_used_by_route" time="0.646" /></testsuite></testsuites>