<?xml version="1.0" encoding="utf-8"?><testsuites name="pytest tests"><testsuite name="pytest" errors="0" failures="0" skipped="0" tests="14" time="2.477" timestamp="2026-02-19T16:21:18.468233+00:00" hostname="agent-env-3be362d6-8a5b-4a1b-9faf-4d6d4e0778bf"><testcase classname="backend.tests.test_communities_and_vouchers.TestHealthCheck" name="test_health_endpoint" time="0.175" /><testcase classname="backend.tests.test_communities_and_vouchers.TestPublicCommunities" name="test_get_public_communities" time="0.256" /><testcase classname="backend.tests.test_communities_and_vouchers.TestPublicCommunities" name="test_get_community_detail_not_found" time="0.116" /><testcase classname="backend.tests.test_communities_and_vouchers.TestCommunitiesEndpoint" name="test_get_communities_requires_auth" time="0.138" /><testcase classname="backend.tests.test_communities_and_vouchers.TestAdminVouchers" name="test_get_vouchers_requires_auth" time="0.187" /><testcase classname="backend.tests.test_communities_and_vouchers.TestArtistOfTheDay" name="test_get_artist_of_the_day" time="0.131" /><testcase classname="backend.tests.test_communities_and_vouchers.TestPublicStats" name="test_get_public_stats" time="0.176" /><testcase classname="backend.tests.test_communities_and_vouchers.TestPublicArtists" name="test_get_public_artists" time="0.127" /><testcase classname="backend.tests.test_communities_and_vouchers.TestPublicFeaturedArtists" name="test_get_featured_artists" time="0.130" /><testcase classname="backend.tests.test_communities_and_vouchers.TestPublicPaintings" name="test_get_public_paintings" time="0.177" /><testcase classname="backend.tests.test_communities_and_vouchers.TestPublicExhibitions" name="test_get_public_exhibitions" time="0.144" /><testcase classname="backend.tests.test_communities_and_vouchers.TestPublicExhibitions" name="test_get_active_exhibitions" time="0.167" /><testcase classname="backend.tests.test_communities_and_vouchers.TestPublicExhibitions" name="test_get_archived_exhibitions" time="0.234" /><testcase classname="backend.tests.test_communities_and_vouchers.TestMembershipPlans" name="test_get_membership_plans" time="0.260" /></testsuite></testsuites>